<?xml version="1.0" encoding="UTF-8"?>
<!-- Generated by org.testng.reporters.JUnitReportReporter -->
<testsuite hostname="LAPTOP-GCEPLDKO" failures="0" tests="1" name="TeestRunnirr.TestRunnor" time="18.865" errors="0" timestamp="2021-08-14T21:44:01 PDT" skipped="0">
  <testcase classname="TeestRunnirr.TestRunnor" name="feature" time="18.865"/>
  <system-out/>
</testsuite> <!-- TeestRunnirr.TestRunnor -->
