<?xml version="1.0" encoding="UTF-8"?>
<!-- Generated by org.testng.reporters.JUnitReportReporter -->
<testsuite hostname="LAPTOP-GCEPLDKO" failures="0" tests="1" name="TeestRunnirr.TestRunnor" time="22.048" errors="0" timestamp="2021-06-29T22:39:47 PDT" skipped="0">
  <testcase classname="TeestRunnirr.TestRunnor" name="feature" time="22.048"/>
  <system-out/>
</testsuite> <!-- TeestRunnirr.TestRunnor -->
